2026-06-08 08:54:38,805 === RUN START dry_run=False ===
2026-06-08 08:55:06,257 WRITE C:\Users\Zhi\Desktop\health-self-healing-hermes\troubleshoot_agent.py
2026-06-08 08:55:32,811 WRITE C:\Users\Zhi\Desktop\health-self-healing-hermes\pages\chat.py
2026-06-08 08:55:32,843 WRITE C:\Users\Zhi\Desktop\health-self-healing-hermes\pages\dashboard.py
2026-06-08 08:55:32,872 WRITE C:\Users\Zhi\Desktop\health-self-healing-hermes\pages\ehr_summarizer.py
2026-06-08 08:55:32,896 WRITE C:\Users\Zhi\Desktop\health-self-healing-hermes\pages\imaging.py
2026-06-08 08:55:32,917 WRITE C:\Users\Zhi\Desktop\health-self-healing-hermes\pages\login.py
2026-06-08 08:56:25,590 WRITE C:\Users\Zhi\Desktop\health-self-healing-hermes\push_chat.py
2026-06-08 08:56:25,618 WRITE C:\Users\Zhi\Desktop\health-self-healing-hermes\pages\chat.py
2026-06-08 08:56:34,421 GIT git add C:\Users\Zhi\Desktop\health-self-healing-hermes\app.py C:\Users\Zhi\Desktop\health-self-healing-hermes\pages
2026-06-08 08:56:34,658 GIT git commit -m [TroubleshootAgent v2] auto-fix: remove_temp_reset, duplicate_widget_keys, disclaimer_modal_center
2026-06-08 08:56:37,338 GIT git push huggingface main
2026-06-08 08:56:47,866 GIT git push origin main
2026-06-08 08:58:31,105 === RUN END applied=['remove_temp_reset', 'duplicate_widget_keys', 'disclaimer_modal_center'] failed=[] violations=0 ===
2026-06-08 14:48:52,273 === RUN START dry_run=False ===
2026-06-08 14:49:30,490 BACKUP C:\Users\Zhi\Desktop\health-self-healing-hermes\troubleshoot_agent.py → C:\Users\Zhi\Desktop\health-self-healing-hermes\.agent_backups\troubleshoot_agent.py.bak_20260608_144930
2026-06-08 14:49:30,498 WRITE C:\Users\Zhi\Desktop\health-self-healing-hermes\troubleshoot_agent.py
2026-06-08 14:49:30,570 BACKUP C:\Users\Zhi\Desktop\health-self-healing-hermes\pages\ctca_panel_viewer.py → C:\Users\Zhi\Desktop\health-self-healing-hermes\.agent_backups\ctca_panel_viewer.py.bak_20260608_144930
2026-06-08 14:49:30,576 WRITE C:\Users\Zhi\Desktop\health-self-healing-hermes\pages\ctca_panel_viewer.py
2026-06-08 14:49:30,617 BACKUP C:\Users\Zhi\Desktop\health-self-healing-hermes\pages\ehr_summarizer.py → C:\Users\Zhi\Desktop\health-self-healing-hermes\.agent_backups\ehr_summarizer.py.bak_20260608_144930
2026-06-08 14:49:30,621 WRITE C:\Users\Zhi\Desktop\health-self-healing-hermes\pages\ehr_summarizer.py
2026-06-08 14:49:30,662 BACKUP C:\Users\Zhi\Desktop\health-self-healing-hermes\app.py → C:\Users\Zhi\Desktop\health-self-healing-hermes\.agent_backups\app.py.bak_20260608_144930
2026-06-08 14:49:30,668 WRITE C:\Users\Zhi\Desktop\health-self-healing-hermes\app.py
2026-06-08 14:49:30,744 BACKUP C:\Users\Zhi\Desktop\health-self-healing-hermes\ctca_panel_viewer.py → C:\Users\Zhi\Desktop\health-self-healing-hermes\.agent_backups\ctca_panel_viewer.py.bak_20260608_144930
2026-06-08 14:49:30,749 WRITE C:\Users\Zhi\Desktop\health-self-healing-hermes\ctca_panel_viewer.py
2026-06-08 14:49:30,779 BACKUP C:\Users\Zhi\Desktop\health-self-healing-hermes\fix_ctca_keys.py → C:\Users\Zhi\Desktop\health-self-healing-hermes\.agent_backups\fix_ctca_keys.py.bak_20260608_144930
2026-06-08 14:49:30,783 WRITE C:\Users\Zhi\Desktop\health-self-healing-hermes\fix_ctca_keys.py
2026-06-08 14:49:30,916 BACKUP C:\Users\Zhi\Desktop\health-self-healing-hermes\push_chat.py → C:\Users\Zhi\Desktop\health-self-healing-hermes\.agent_backups\push_chat.py.bak_20260608_144930
2026-06-08 14:49:30,924 WRITE C:\Users\Zhi\Desktop\health-self-healing-hermes\push_chat.py
2026-06-08 14:50:10,187 GIT git add C:\Users\Zhi\Desktop\health-self-healing-hermes\app.py C:\Users\Zhi\Desktop\health-self-healing-hermes\pages
2026-06-08 14:50:10,358 GIT git commit -m [TroubleshootAgent v2] auto-fix: remove_temp_reset, duplicate_widget_keys
2026-06-08 14:50:13,502 GIT git push huggingface main
2026-06-08 14:50:24,408 GIT git push origin main
2026-06-08 14:52:13,162 === RUN END applied=['remove_temp_reset', 'duplicate_widget_keys'] failed=[] violations=0 ===
2026-06-09 00:32:49,799 === RUN START dry_run=False ===
2026-06-09 00:34:05,499 BACKUP C:\Users\Zhi\Desktop\health-self-healing-hermes\fix_ctca_keys.py → C:\Users\Zhi\Desktop\health-self-healing-hermes\.agent_backups\fix_ctca_keys.py.bak_20260609_003405
2026-06-09 00:34:05,503 WRITE C:\Users\Zhi\Desktop\health-self-healing-hermes\fix_ctca_keys.py
2026-06-09 00:34:06,426 BACKUP C:\Users\Zhi\Desktop\health-self-healing-hermes\pages\login.py → C:\Users\Zhi\Desktop\health-self-healing-hermes\.agent_backups\login.py.bak_20260609_003406
2026-06-09 00:34:06,430 WRITE C:\Users\Zhi\Desktop\health-self-healing-hermes\pages\login.py
2026-06-09 00:34:38,561 BACKUP C:\Users\Zhi\Desktop\health-self-healing-hermes\push_chat.py → C:\Users\Zhi\Desktop\health-self-healing-hermes\.agent_backups\push_chat.py.bak_20260609_003438
2026-06-09 00:34:38,564 WRITE C:\Users\Zhi\Desktop\health-self-healing-hermes\push_chat.py
2026-06-09 00:34:38,585 BACKUP C:\Users\Zhi\Desktop\health-self-healing-hermes\pages\chat.py → C:\Users\Zhi\Desktop\health-self-healing-hermes\.agent_backups\chat.py.bak_20260609_003438
2026-06-09 00:34:38,589 WRITE C:\Users\Zhi\Desktop\health-self-healing-hermes\pages\chat.py
2026-06-09 00:34:46,798 GIT git add C:\Users\Zhi\Desktop\health-self-healing-hermes\pages
2026-06-09 00:34:46,966 GIT git commit -m [TroubleshootAgent v3] auto-fix: duplicate_widget_keys, disclaimer_modal_center
2026-06-09 00:34:50,229 GIT git push huggingface main
2026-06-09 00:35:03,913 GIT git push origin main
2026-06-09 00:36:51,933 === RUN END applied=['duplicate_widget_keys', 'disclaimer_modal_center'] failed=['remove_temp_reset'] violations=0 ===
